2025-08-17 20:02:13 - INFO - Data cleaning completed successfully
2025-08-17 20:02:13 - INFO - Workflow completed successfully
2025-08-17 20:07:47 - INFO - Data cleaning completed successfully
2025-08-17 20:07:47 - INFO - Workflow completed successfully
2025-08-17 20:08:57 - INFO - Data cleaning completed successfully
2025-08-17 20:08:57 - INFO - Workflow completed successfully
2025-08-17 20:13:30 - INFO - Data cleaning completed successfully
2025-08-17 20:13:30 - INFO - Workflow completed successfully
2025-08-17 20:13:58 - INFO - Data cleaning completed successfully
2025-08-17 20:13:58 - INFO - Input Notebook:  notebook\analysis.ipynb
2025-08-17 20:13:58 - INFO - Output Notebook: notebook\analysis_output.ipynb
2025-08-17 20:13:58 - ERROR - An error occurred in main script: Notebook does not appear to be JSON: ''
2025-08-17 20:30:40 - INFO - Data cleaning completed successfully
2025-08-17 20:30:40 - INFO - Workflow completed successfully
2025-08-17 20:31:50 - INFO - Data cleaning completed successfully
2025-08-17 20:31:50 - INFO - Workflow completed successfully
2025-08-17 20:36:00 - INFO - Data cleaning completed successfully
2025-08-17 20:36:00 - INFO - Workflow completed successfully
2025-08-17 20:36:47 - INFO - Data cleaning completed successfully
2025-08-17 20:36:47 - INFO - Workflow completed successfully
